Added Component: Designator=1(51单片机)
Added Component: Designator=C1(电解电容)
Added Component: Designator=C2(无极电容)
Added Component: Designator=C3(无极电容)
Added Component: Designator=D1(LED)
Added Component: Designator=d2(排阻)
Added Component: Designator=P1(IDE接口封装40PIN)
Added Component: Designator=R1(电阻)
Added Component: Designator=r2(IR红外接收头)
Added Component: Designator=R3(电阻)
Added Component: Designator=Y1(晶振)
Added Component: Designator=z1(排阻)
Added Pin To Net: NetName=CS0 Pin=1-8
Added Pin To Net: NetName=CS0 Pin=P1-37
Added Net: Name=CS0
Added Pin To Net: NetName=CS1 Pin=1-5
Added Pin To Net: NetName=CS1 Pin=P1-38
Added Net: Name=CS1
Added Pin To Net: NetName=CSEL Pin=P1-28
Added Net: Name=CSEL
Added Pin To Net: NetName=D0 Pin=1-39
Added Pin To Net: NetName=D0 Pin=d2-2
Added Pin To Net: NetName=D0 Pin=P1-17
Added Net: Name=D0
Added Pin To Net: NetName=D1 Pin=1-38
Added Pin To Net: NetName=D1 Pin=d2-3
Added Pin To Net: NetName=D1 Pin=P1-15
Added Net: Name=D1
Added Pin To Net: NetName=D2 Pin=1-37
Added Pin To Net: NetName=D2 Pin=d2-4
Added Pin To Net: NetName=D2 Pin=P1-13
Added Net: Name=D2
Added Pin To Net: NetName=D3 Pin=1-36
Added Pin To Net: NetName=D3 Pin=d2-5
Added Pin To Net: NetName=D3 Pin=P1-11
Added Net: Name=D3
Added Pin To Net: NetName=D4 Pin=1-35
Added Pin To Net: NetName=D4 Pin=d2-6
Added Pin To Net: NetName=D4 Pin=P1-9
Added Net: Name=D4
Added Pin To Net: NetName=D5 Pin=1-34
Added Pin To Net: NetName=D5 Pin=d2-7
Added Pin To Net: NetName=D5 Pin=P1-7
Added Net: Name=D5
Added Pin To Net: NetName=D6 Pin=1-33
Added Pin To Net: NetName=D6 Pin=d2-8
Added Pin To Net: NetName=D6 Pin=P1-5
Added Net: Name=D6
Added Pin To Net: NetName=D7 Pin=1-32
Added Pin To Net: NetName=D7 Pin=d2-9
Added Pin To Net: NetName=D7 Pin=P1-3
Added Net: Name=D7
Added Pin To Net: NetName=D8 Pin=1-21
Added Pin To Net: NetName=D8 Pin=P1-4
Added Net: Name=D8
Added Pin To Net: NetName=D9 Pin=1-22
Added Pin To Net: NetName=D9 Pin=P1-6
Added Net: Name=D9
Added Pin To Net: NetName=D10 Pin=1-23
Added Pin To Net: NetName=D10 Pin=P1-8
Added Net: Name=D10
Added Pin To Net: NetName=D11 Pin=1-24
Added Pin To Net: NetName=D11 Pin=P1-10
Added Net: Name=D11
Added Pin To Net: NetName=D12 Pin=1-25
Added Pin To Net: NetName=D12 Pin=P1-12
Added Net: Name=D12
Added Pin To Net: NetName=D13 Pin=1-26
Added Pin To Net: NetName=D13 Pin=P1-14
Added Net: Name=D13
Added Pin To Net: NetName=D14 Pin=1-27
Added Pin To Net: NetName=D14 Pin=P1-16
Added Net: Name=D14
Added Pin To Net: NetName=D15 Pin=1-28
Added Pin To Net: NetName=D15 Pin=P1-18
Added Net: Name=D15
Added Pin To Net: NetName=DA0 Pin=1-7
Added Pin To Net: NetName=DA0 Pin=P1-35
Added Net: Name=DA0
Added Pin To Net: NetName=DA1 Pin=1-6
Added Pin To Net: NetName=DA1 Pin=P1-33
Added Net: Name=DA1
Added Pin To Net: NetName=DA2 Pin=1-4
Added Pin To Net: NetName=DA2 Pin=P1-36
Added Net: Name=DA2
Added Pin To Net: NetName=DIOR Pin=1-2
Added Pin To Net: NetName=DIOR Pin=P1-25
Added Net: Name=DIOR
Added Pin To Net: NetName=DIOW Pin=1-1
Added Pin To Net: NetName=DIOW Pin=P1-23
Added Net: Name=DIOW
Added Pin To Net: NetName=GND Pin=1-20
Added Pin To Net: NetName=GND Pin=C2-1
Added Pin To Net: NetName=GND Pin=C3-2
Added Pin To Net: NetName=GND Pin=P1-2
Added Pin To Net: NetName=GND Pin=P1-19
Added Pin To Net: NetName=GND Pin=P1-22
Added Pin To Net: NetName=GND Pin=P1-24
Added Pin To Net: NetName=GND Pin=P1-26
Added Pin To Net: NetName=GND Pin=P1-30
Added Pin To Net: NetName=GND Pin=P1-40
Added Pin To Net: NetName=GND Pin=r2-2
Added Pin To Net: NetName=GND Pin=R3-2
Added Pin To Net: NetName=GND Pin=z1-8
Added Net: Name=GND
Added Pin To Net: NetName=IORDY Pin=1-3
Added Pin To Net: NetName=IORDY Pin=P1-27
Added Net: Name=IORDY
Added Pin To Net: NetName=NetD1_1 Pin=D1-1
Added Pin To Net: NetName=NetD1_1 Pin=R1-2
Added Net: Name=NetD1_1
Added Pin To Net: NetName=NetD1_2 Pin=D1-2
Added Pin To Net: NetName=NetD1_2 Pin=P1-39
Added Net: Name=NetD1_2
Added Pin To Net: NetName=P3.0 Pin=1-10
Added Pin To Net: NetName=P3.0 Pin=z1-7
Added Net: Name=P3.0
Added Pin To Net: NetName=P3.1 Pin=1-11
Added Pin To Net: NetName=P3.1 Pin=z1-6
Added Net: Name=P3.1
Added Pin To Net: NetName=P3.2 Pin=1-12
Added Pin To Net: NetName=P3.2 Pin=r2-1
Added Net: Name=P3.2
Added Pin To Net: NetName=P3.3 Pin=1-13
Added Pin To Net: NetName=P3.3 Pin=z1-5
Added Net: Name=P3.3
Added Pin To Net: NetName=P3.4 Pin=1-14
Added Pin To Net: NetName=P3.4 Pin=z1-4
Added Net: Name=P3.4
Added Pin To Net: NetName=P3.5 Pin=1-15
Added Pin To Net: NetName=P3.5 Pin=z1-3
Added Net: Name=P3.5
Added Pin To Net: NetName=P3.6 Pin=1-16
Added Pin To Net: NetName=P3.6 Pin=z1-2
Added Net: Name=P3.6
Added Pin To Net: NetName=P3.7 Pin=1-17
Added Pin To Net: NetName=P3.7 Pin=z1-1
Added Net: Name=P3.7
Added Pin To Net: NetName=RESET Pin=P1-1
Added Net: Name=RESET
Added Pin To Net: NetName=RST Pin=1-9
Added Pin To Net: NetName=RST Pin=C1-2
Added Pin To Net: NetName=RST Pin=R3-1
Added Net: Name=RST
Added Pin To Net: NetName=VCC Pin=1-31
Added Pin To Net: NetName=VCC Pin=1-40
Added Pin To Net: NetName=VCC Pin=C1-1
Added Pin To Net: NetName=VCC Pin=d2-1
Added Pin To Net: NetName=VCC Pin=R1-1
Added Pin To Net: NetName=VCC Pin=r2-3
Added Pin To Net: NetName=VCC Pin=z1-9
Added Net: Name=VCC
Added Pin To Net: NetName=X1 Pin=1-19
Added Pin To Net: NetName=X1 Pin=C2-2
Added Pin To Net: NetName=X1 Pin=Y1-2
Added Net: Name=X1
Added Pin To Net: NetName=X2 Pin=1-18
Added Pin To Net: NetName=X2 Pin=C3-1
Added Pin To Net: NetName=X2 Pin=Y1-1
Added Net: Name=X2
Added Class: Name=Sheet1
Added Room: Name=Sheet1
