C51 COMPILER V9.52.0.0   VS1003                                                            03/27/2018 22:42:43 PAGE 1   


C51 COMPILER V9.52.0.0, COMPILATION OF MODULE VS1003
OBJECT MODULE PLACED IN .\bin\vs1003.obj
COMPILER INVOKED BY: C:\Keil_c51\C51\BIN\C51.EXE vs1003.c LARGE BROWSE DEBUG OBJECTEXTEND PRINT(.\bin\vs1003.lst) TABS(2
                    -) OBJECT(.\bin\vs1003.obj)

line level    source

   1          #include "vs1003.h"
   2          
   3          
   4          void DelayXus(unsigned int xus)
   5          {
   6   1        while(--xus);
   7   1      }
   8          void VS_spi_write(unsigned char dat)
   9          {
  10   1      
  11   1         VS_MOSI=(dat&0x80);
  12   1          VS_SCLK=0;
  13   1          VS_SCLK=1;
  14   1          
  15   1        VS_MOSI=(dat&0x40);
  16   1          VS_SCLK=0;
  17   1          VS_SCLK=1;
  18   1        
  19   1        VS_MOSI=(dat&0x20);
  20   1          VS_SCLK=0;
  21   1          VS_SCLK=1;
  22   1      
  23   1        VS_MOSI=(dat&0x10);
  24   1          VS_SCLK=0;
  25   1          VS_SCLK=1;
  26   1      
  27   1        VS_MOSI=(dat&0x08);
  28   1          VS_SCLK=0;
  29   1          VS_SCLK=1;
  30   1      
  31   1        VS_MOSI=(dat&0x04);
  32   1        VS_SCLK=0;
  33   1        VS_SCLK=1;
  34   1      
  35   1        VS_MOSI=(dat&0x02);
  36   1          VS_SCLK=0;
  37   1          VS_SCLK=1;
  38   1      
  39   1        VS_MOSI=(dat&0x01);
  40   1          VS_SCLK=0;
  41   1          VS_SCLK=1;
  42   1      }
  43          
  44          unsigned char VS_spi_read(void)
  45          {
  46   1        char i,dat=0;
  47   1        for(i=0;i<8;i++)
  48   1        {
  49   2          VS_SCLK=1;
  50   2          VS_SCLK=0;
  51   2          if(1==VS_MISO) //
  52   2          {
  53   3            dat=dat|0x01;
  54   3          }
C51 COMPILER V9.52.0.0   VS1003                                                            03/27/2018 22:42:43 PAGE 2   

  55   2          dat<<=1;
  56   2        }
  57   1        return dat;
  58   1      }
  59          
  60          void VS_WRITE_Reg(unsigned char addr,unsigned char hdat,unsigned char ldat)
  61          {
  62   1      
  63   1        while(!VS_DREQ); //
  64   1          VS_xCS=0;
  65   1        VS_spi_write(0x02);//
  66   1        VS_spi_write(addr);
  67   1        VS_spi_write(hdat);
  68   1        VS_spi_write(ldat);
  69   1        VS_xCS=1; 
  70   1      }
  71          
  72          unsigned int VS_READ_Reg(unsigned char addr)
  73          {
  74   1        unsigned int temp=0;
  75   1        
  76   1        while(!VS_DREQ); // 
  77   1        VS_xCS=0;
  78   1        VS_spi_write(0x03);//
  79   1        VS_spi_write(addr);
  80   1        temp=VS_spi_read();//
  81   1        temp<<=8;
  82   1        temp|=VS_spi_read();//
  83   1        VS_xCS=1;
  84   1        return temp;
  85   1      }
  86          
  87          void VS_Reset(void)
  88          {
  89   1      
  90   1      //  VS_RESET=1;
  91   1        DelayXus(100);
  92   1        
  93   1      //  VS_RESET=0;
  94   1        DelayXus(100);
  95   1        VS_RESET=1;
  96   1        DelayXus(100);
  97   1        
  98   1        VS_WRITE_Reg(0x00,0x08,0x04);
  99   1        VS_WRITE_Reg(0x03,0x98,0x00);
 100   1        VS_WRITE_Reg(0x0b,32,32); 
 101   1        
 102   1        
 103   1        VS_xDCS=0;
 104   1        VS_spi_write(0);
 105   1        VS_spi_write(0);
 106   1        VS_spi_write(0);
 107   1        VS_spi_write(0);
 108   1        VS_xDCS=1;
 109   1      }
 110          
 111          void VS_Send_Dat(unsigned char dat)
 112          {
 113   1      VS_xDCS=0;
 114   1        while(!VS_DREQ);
 115   1        VS_spi_write(dat);
 116   1        VS_xDCS=1;
C51 COMPILER V9.52.0.0   VS1003                                                            03/27/2018 22:42:43 PAGE 3   

 117   1      }
 118          
 119          void VS_Flush_Buffer(void)
 120          {
 121   1        unsigned int i;
 122   1        VS_xDCS=0;
 123   1        for(i=0;i<2048;i++)
 124   1        {
 125   2          VS_Send_Dat(0);
 126   2        }
 127   1        VS_xDCS=1;
 128   1      }
 129          
 130          void VS_Sin_Test(unsigned char dat)
 131          {
 132   1        VS_WRITE_Reg(0x00,0x08,0x20);
 133   1      
 134   1        while(!VS_DREQ);
 135   1        
 136   1        VS_xDCS=0;
 137   1        VS_spi_write(0x53);
 138   1        VS_spi_write(0xef);
 139   1        VS_spi_write(0x6e);
 140   1        VS_spi_write(dat);
 141   1        VS_spi_write(0);
 142   1        VS_spi_write(0);
 143   1        VS_spi_write(0);
 144   1        VS_spi_write(0);
 145   1      
 146   1        DelayXus(600000);
 147   1        DelayXus(600000);
 148   1        DelayXus(600000);
 149   1        DelayXus(600000);
 150   1        DelayXus(600000);
 151   1      
 152   1        VS_spi_write(0x45);
 153   1        VS_spi_write(0x78);
 154   1        VS_spi_write(0x69);
 155   1        VS_spi_write(0x74);
 156   1        VS_spi_write(0);
 157   1        VS_spi_write(0);
 158   1        VS_spi_write(0);
 159   1        VS_spi_write(0);
 160   1        VS_xDCS=1;
 161   1      }


MODULE INFORMATION:   STATIC OVERLAYABLE
   CODE SIZE        =    354    ----
   CONSTANT SIZE    =   ----    ----
   XDATA SIZE       =   ----    ----
   PDATA SIZE       =   ----    ----
   DATA SIZE        =   ----    ----
   IDATA SIZE       =   ----    ----
   BIT SIZE         =   ----    ----
END OF MODULE INFORMATION.


C51 COMPILATION COMPLETE.  0 WARNING(S),  0 ERROR(S)
